<?xml version="1.0" encoding="UTF-8"?>
  <testsuite name="OCI Distribution Conformance Tests" tests="50" failures="6" errors="0" time="1.332">
      <testcase name="OCI Distribution Conformance Tests Pull Setup Populate registry with test blob" classname="OCI Distribution Conformance Tests" time="0.020612504"></testcase>
      <testcase name="OCI Distribution Conformance Tests Pull Setup Populate registry with test layer" classname="OCI Distribution Conformance Tests" time="0.063641245"></testcase>
      <testcase name="OCI Distribution Conformance Tests Pull Setup Populate registry with test manifest" classname="OCI Distribution Conformance Tests" time="0.041671919">
          <failure type="Failure">/home/vanessa/Desktop/Code/distribution-spec/conformance/01_pull_test.go:54&#xA;Expected&#xA;    &lt;int&gt;: 500&#xA;to be &lt;&#xA;    &lt;int&gt;: 300&#xA;/home/vanessa/Desktop/Code/distribution-spec/conformance/01_pull_test.go:64</failure>
      </testcase>
      <testcase name="OCI Distribution Conformance Tests Pull Setup Get the name of a tag" classname="OCI Distribution Conformance Tests" time="0.003752555"></testcase>
      <testcase name="OCI Distribution Conformance Tests Pull Setup Get tag name from environment" classname="OCI Distribution Conformance Tests" time="0.000221002">
          <skipped></skipped>
      </testcase>
      <testcase name="OCI Distribution Conformance Tests Pull Pull blobs GET nonexistent blob should result in 404 response" classname="OCI Distribution Conformance Tests" time="0.046147169"></testcase>
      <testcase name="OCI Distribution Conformance Tests Pull Pull blobs GET request to existing blob URL should yield 200" classname="OCI Distribution Conformance Tests" time="0.001596053"></testcase>
      <testcase name="OCI Distribution Conformance Tests Pull Pull manifests GET nonexistent manifest should return 404" classname="OCI Distribution Conformance Tests" time="0.004348045"></testcase>
      <testcase name="OCI Distribution Conformance Tests Pull Pull manifests GET request to manifest path (digest) should yield 200 response" classname="OCI Distribution Conformance Tests" time="0.001674536"></testcase>
      <testcase name="OCI Distribution Conformance Tests Pull Pull manifests GET request to manifest path (tag) should yield 200 response" classname="OCI Distribution Conformance Tests" time="0.001281734"></testcase>
      <testcase name="OCI Distribution Conformance Tests Pull Error codes 400 response body should contain OCI-conforming JSON message" classname="OCI Distribution Conformance Tests" time="0.005406576"></testcase>
      <testcase name="OCI Distribution Conformance Tests Pull Teardown Delete config blob created in setup" classname="OCI Distribution Conformance Tests" time="0.049322178"></testcase>
      <testcase name="OCI Distribution Conformance Tests Pull Teardown Delete layer blob created in setup" classname="OCI Distribution Conformance Tests" time="0.006538938"></testcase>
      <testcase name="OCI Distribution Conformance Tests Pull Teardown Delete manifest created in setup" classname="OCI Distribution Conformance Tests" time="0.008448942"></testcase>
      <testcase name="OCI Distribution Conformance Tests Push Blob Upload Streamed PATCH request with blob in body should yield 202 response" classname="OCI Distribution Conformance Tests" time="0.055605634"></testcase>
      <testcase name="OCI Distribution Conformance Tests Push Blob Upload Streamed PUT request to session URL with digest should yield 201 response" classname="OCI Distribution Conformance Tests" time="0.011095902"></testcase>
      <testcase name="OCI Distribution Conformance Tests Push Blob Upload Monolithic GET nonexistent blob should result in 404 response" classname="OCI Distribution Conformance Tests" time="0.046204358"></testcase>
      <testcase name="OCI Distribution Conformance Tests Push Blob Upload Monolithic POST request with digest and blob should yield a 201" classname="OCI Distribution Conformance Tests" time="0.013389383"></testcase>
      <testcase name="OCI Distribution Conformance Tests Push Blob Upload Monolithic GET request to blob URL from prior request should yield 200" classname="OCI Distribution Conformance Tests" time="0.001758078"></testcase>
      <testcase name="OCI Distribution Conformance Tests Push Blob Upload Monolithic POST request should yield a session ID" classname="OCI Distribution Conformance Tests" time="0.00780594"></testcase>
      <testcase name="OCI Distribution Conformance Tests Push Blob Upload Monolithic PUT upload of a blob should yield a 201 Response" classname="OCI Distribution Conformance Tests" time="0.053019436"></testcase>
      <testcase name="OCI Distribution Conformance Tests Push Blob Upload Monolithic GET request to existing blob should yield 200 response" classname="OCI Distribution Conformance Tests" time="0.001927278"></testcase>
      <testcase name="OCI Distribution Conformance Tests Push Blob Upload Monolithic PUT upload of a layer blob should yield a 201 Response" classname="OCI Distribution Conformance Tests" time="0.018279627"></testcase>
      <testcase name="OCI Distribution Conformance Tests Push Blob Upload Monolithic GET request to existing layer should yield 200 response" classname="OCI Distribution Conformance Tests" time="0.043788908"></testcase>
      <testcase name="OCI Distribution Conformance Tests Push Blob Upload Chunked Out-of-order blob upload should return 416" classname="OCI Distribution Conformance Tests" time="0.014347437"></testcase>
      <testcase name="OCI Distribution Conformance Tests Push Blob Upload Chunked PATCH request with first chunk should return 202" classname="OCI Distribution Conformance Tests" time="0.060623799"></testcase>
      <testcase name="OCI Distribution Conformance Tests Push Blob Upload Chunked PUT request with final chunk should return 201" classname="OCI Distribution Conformance Tests" time="0.016340099"></testcase>
      <testcase name="OCI Distribution Conformance Tests Push Manifest Upload GET nonexistent manifest should return 404" classname="OCI Distribution Conformance Tests" time="0.048461384"></testcase>
      <testcase name="OCI Distribution Conformance Tests Push Manifest Upload PUT should accept a manifest upload" classname="OCI Distribution Conformance Tests" time="0.044719875">
          <failure type="Failure">/home/vanessa/Desktop/Code/distribution-spec/conformance/02_push_test.go:209&#xA;Expected&#xA;    &lt;string&gt;: &#xA;not to be empty&#xA;/home/vanessa/Desktop/Code/distribution-spec/conformance/02_push_test.go:220</failure>
      </testcase>
      <testcase name="OCI Distribution Conformance Tests Push Manifest Upload Registry should accept a manifest upload with no layers" classname="OCI Distribution Conformance Tests" time="0.006385158"></testcase>
      <testcase name="OCI Distribution Conformance Tests Push Manifest Upload GET request to manifest URL (digest) should yield 200 response" classname="OCI Distribution Conformance Tests" time="0.044846059"></testcase>
      <testcase name="OCI Distribution Conformance Tests Push Teardown Delete config blob created in tests" classname="OCI Distribution Conformance Tests" time="0.007006393"></testcase>
      <testcase name="OCI Distribution Conformance Tests Push Teardown Delete layer blob created in setup" classname="OCI Distribution Conformance Tests" time="0.006809713"></testcase>
      <testcase name="OCI Distribution Conformance Tests Push Teardown Delete manifest created in tests" classname="OCI Distribution Conformance Tests" time="0.050083829"></testcase>
      <testcase name="OCI Distribution Conformance Tests Content Discovery Setup Populate registry with test blob" classname="OCI Distribution Conformance Tests" time="0.018268388"></testcase>
      <testcase name="OCI Distribution Conformance Tests Content Discovery Setup Populate registry with test layer" classname="OCI Distribution Conformance Tests" time="0.066733312"></testcase>
      <testcase name="OCI Distribution Conformance Tests Content Discovery Setup Populate registry with test tags" classname="OCI Distribution Conformance Tests" time="0.040211436">
          <failure type="Failure">/home/vanessa/Desktop/Code/distribution-spec/conformance/03_discovery_test.go:58&#xA;Expected&#xA;    &lt;int&gt;: 500&#xA;to be &lt;&#xA;    &lt;int&gt;: 300&#xA;/home/vanessa/Desktop/Code/distribution-spec/conformance/03_discovery_test.go:70</failure>
      </testcase>
      <testcase name="OCI Distribution Conformance Tests Content Discovery Setup Populate registry with test tags (no push)" classname="OCI Distribution Conformance Tests" time="0.00024676">
          <skipped></skipped>
      </testcase>
      <testcase name="OCI Distribution Conformance Tests Content Discovery Test content discovery endpoints GET request to list tags should yield 200 response" classname="OCI Distribution Conformance Tests" time="0.046076103"></testcase>
      <testcase name="OCI Distribution Conformance Tests Content Discovery Test content discovery endpoints GET number of tags should be limitable by `n` query parameter" classname="OCI Distribution Conformance Tests" time="0.004853948">
          <failure type="Failure">/home/vanessa/Desktop/Code/distribution-spec/conformance/03_discovery_test.go:97&#xA;Expected&#xA;    &lt;int&gt;: 2&#xA;to equal&#xA;    &lt;int&gt;: 0&#xA;/home/vanessa/Desktop/Code/distribution-spec/conformance/03_discovery_test.go:107</failure>
      </testcase>
      <testcase name="OCI Distribution Conformance Tests Content Discovery Test content discovery endpoints GET start of tag is set by `last` query parameter" classname="OCI Distribution Conformance Tests" time="0.004478727">
          <failure type="Panic">/home/vanessa/Desktop/Code/distribution-spec/conformance/03_discovery_test.go:110&#xA;Test Panicked&#xA;/usr/local/go/src/runtime/panic.go:75&#xA;&#xA;Panic: runtime error: index out of range [-1]&#xA;&#xA;Full stack:&#xA;github.com/opencontainers/distribution-spec/conformance.glob..func3.1.2.3()&#xA;&#x9;/home/vanessa/Desktop/Code/distribution-spec/conformance/03_discovery_test.go:120 +0xe7a&#xA;github.com/onsi/ginkgo/internal/leafnodes.(*runner).runSync(0xc0002290e0, 0x0, 0x0, 0x0, 0x0, 0x0, 0x0, 0x0, 0x0, 0x0, ...)&#xA;&#x9;/home/vanessa/go/pkg/mod/github.com/onsi/ginkgo@v1.11.0/internal/leafnodes/runner.go:113 +0xb8&#xA;github.com/onsi/ginkgo/internal/leafnodes.(*runner).run(0xc0002290e0, 0x40fe0e, 0x0, 0x0, 0x0, 0x0, 0x0, 0x0, 0x0, 0x0, ...)&#xA;&#x9;/home/vanessa/go/pkg/mod/github.com/onsi/ginkgo@v1.11.0/internal/leafnodes/runner.go:64 +0xcf&#xA;github.com/onsi/ginkgo/internal/leafnodes.(*ItNode).Run(0xc0001ef660, 0x9dea20, 0x0, 0x0, 0x0, 0x0, 0x0, 0x0, 0x0, 0x0, ...)&#xA;&#x9;/home/vanessa/go/pkg/mod/github.com/onsi/ginkgo@v1.11.0/internal/leafnodes/it_node.go:26 +0x64&#xA;github.com/onsi/ginkgo/internal/spec.(*Spec).runSample(0xc0002e0690, 0x0, 0x9dea20, 0xc000038bc0)&#xA;&#x9;/home/vanessa/go/pkg/mod/github.com/onsi/ginkgo@v1.11.0/internal/spec/spec.go:215 +0x5b5&#xA;github.com/onsi/ginkgo/internal/spec.(*Spec).Run(0xc0002e0690, 0x9dea20, 0xc000038bc0)&#xA;&#x9;/home/vanessa/go/pkg/mod/github.com/onsi/ginkgo@v1.11.0/internal/spec/spec.go:138 +0x101&#xA;github.com/onsi/ginkgo/internal/specrunner.(*SpecRunner).runSpec(0xc0002957c0, 0xc0002e0690, 0x0)&#xA;&#x9;/home/vanessa/go/pkg/mod/github.com/onsi/ginkgo@v1.11.0/internal/specrunner/spec_runner.go:200 +0x10f&#xA;github.com/onsi/ginkgo/internal/specrunner.(*SpecRunner).runSpecs(0xc0002957c0, 0x1)&#xA;&#x9;/home/vanessa/go/pkg/mod/github.com/onsi/ginkgo@v1.11.0/internal/specrunner/spec_runner.go:170 +0x120&#xA;github.com/onsi/ginkgo/internal/specrunner.(*SpecRunner).Run(0xc0002957c0, 0xc000199e90)&#xA;&#x9;/home/vanessa/go/pkg/mod/github.com/onsi/ginkgo@v1.11.0/internal/specrunner/spec_runner.go:66 +0x117&#xA;github.com/onsi/ginkgo/internal/suite.(*Suite).Run(0xc0000d8320, 0x7fd037cbf1a0, 0xc000114400, 0x9393eb, 0x22, 0xc0002a8540, 0x3, 0x3, 0x9e9300, 0xc000038bc0, ...)&#xA;&#x9;/home/vanessa/go/pkg/mod/github.com/onsi/ginkgo@v1.11.0/internal/suite/suite.go:62 +0x42b&#xA;github.com/onsi/ginkgo.RunSpecsWithCustomReporters(0x9df0e0, 0xc000114400, 0x9393eb, 0x22, 0xc0001d9b80, 0x3, 0x4, 0x4)&#xA;&#x9;/home/vanessa/go/pkg/mod/github.com/onsi/ginkgo@v1.11.0/ginkgo_dsl.go:226 +0x217&#xA;github.com/onsi/ginkgo.RunSpecsWithDefaultAndCustomReporters(0x9df0e0, 0xc000114400, 0x9393eb, 0x22, 0xc00010df40, 0x2, 0x2, 0x226f171d)&#xA;&#x9;/home/vanessa/go/pkg/mod/github.com/onsi/ginkgo@v1.11.0/ginkgo_dsl.go:214 +0xad&#xA;github.com/opencontainers/distribution-spec/conformance.TestConformance(0xc000114400)&#xA;&#x9;/home/vanessa/Desktop/Code/distribution-spec/conformance/00_conformance_suite_test.go:21 +0x18b&#xA;testing.tRunner(0xc000114400, 0x958110)&#xA;&#x9;/usr/local/go/src/testing/testing.go:909 +0xc9&#xA;created by testing.(*T).Run&#xA;&#x9;/usr/local/go/src/testing/testing.go:960 +0x350</failure>
      </testcase>
      <testcase name="OCI Distribution Conformance Tests Content Discovery Teardown Delete config blob created in tests" classname="OCI Distribution Conformance Tests" time="0.046388016"></testcase>
      <testcase name="OCI Distribution Conformance Tests Content Discovery Teardown Delete layer blob created in setup" classname="OCI Distribution Conformance Tests" time="0.00708567"></testcase>
      <testcase name="OCI Distribution Conformance Tests Content Discovery Teardown Delete created manifest &amp; associated tags" classname="OCI Distribution Conformance Tests" time="0.009212643"></testcase>
      <testcase name="OCI Distribution Conformance Tests Content Management Setup Populate registry with test config blob" classname="OCI Distribution Conformance Tests" time="0.060613687"></testcase>
      <testcase name="OCI Distribution Conformance Tests Content Management Setup Populate registry with test layer" classname="OCI Distribution Conformance Tests" time="0.067076391"></testcase>
      <testcase name="OCI Distribution Conformance Tests Content Management Setup Populate registry with test tag" classname="OCI Distribution Conformance Tests" time="0.038554955">
          <failure type="Failure">/home/vanessa/Desktop/Code/distribution-spec/conformance/04_management_test.go:57&#xA;Expected&#xA;    &lt;int&gt;: 500&#xA;to be &lt;&#xA;    &lt;int&gt;: 300&#xA;/home/vanessa/Desktop/Code/distribution-spec/conformance/04_management_test.go:67</failure>
      </testcase>
      <testcase name="OCI Distribution Conformance Tests Content Management Setup Check how many tags there are before anything gets deleted" classname="OCI Distribution Conformance Tests" time="0.00398505"></testcase>
      <testcase name="OCI Distribution Conformance Tests Content Management Manifest delete DELETE request to manifest tag should return 202, unless tag deletion is disallowed (400/405)" classname="OCI Distribution Conformance Tests" time="0.049067098"></testcase>
      <testcase name="OCI Distribution Conformance Tests Content Management Manifest delete DELETE request to manifest (digest) should yield 202 response unless already deleted" classname="OCI Distribution Conformance Tests" time="0.008520997"></testcase>
      <testcase name="OCI Distribution Conformance Tests Content Management Manifest delete GET request to deleted manifest URL should yield 404 response, unless delete is disallowed" classname="OCI Distribution Conformance Tests" time="0.004324508"></testcase>
      <testcase name="OCI Distribution Conformance Tests Content Management Manifest delete GET request to tags list should reflect manifest deletion" classname="OCI Distribution Conformance Tests" time="0.04713578"></testcase>
  </testsuite>