<?xml version="1.0" encoding="UTF-8"?>
  <testsuite name="OCI Distribution Conformance Tests" tests="59" failures="0" errors="0" time="2.127">
      <testcase name="OCI Distribution Conformance Tests Pull Setup Populate registry with test blob" classname="OCI Distribution Conformance Tests" time="0.042173237"></testcase>
      <testcase name="OCI Distribution Conformance Tests Pull Setup Populate registry with test layer" classname="OCI Distribution Conformance Tests" time="0.063687103"></testcase>
      <testcase name="OCI Distribution Conformance Tests Pull Setup Populate registry with test manifest" classname="OCI Distribution Conformance Tests" time="0.02637247"></testcase>
      <testcase name="OCI Distribution Conformance Tests Pull Setup Get the name of a tag" classname="OCI Distribution Conformance Tests" time="0.051157448"></testcase>
      <testcase name="OCI Distribution Conformance Tests Pull Setup Get tag name from environment" classname="OCI Distribution Conformance Tests" time="0.000327582">
          <skipped>/home/vanessa/Desktop/Code/django-oci/dist-spec/conformance/01_pull_test.go:82&#xA;you have skipped this test.&#xA;/home/vanessa/Desktop/Code/django-oci/dist-spec/conformance/setup.go:344</skipped>
      </testcase>
      <testcase name="OCI Distribution Conformance Tests Pull Pull blobs HEAD request to nonexistent blob should result in 404 response" classname="OCI Distribution Conformance Tests" time="0.004684314"></testcase>
      <testcase name="OCI Distribution Conformance Tests Pull Pull blobs HEAD request to existing blob should yield 200" classname="OCI Distribution Conformance Tests" time="0.005094562"></testcase>
      <testcase name="OCI Distribution Conformance Tests Pull Pull blobs GET nonexistent blob should result in 404 response" classname="OCI Distribution Conformance Tests" time="0.005682142"></testcase>
      <testcase name="OCI Distribution Conformance Tests Pull Pull blobs GET request to existing blob URL should yield 200" classname="OCI Distribution Conformance Tests" time="0.004479439"></testcase>
      <testcase name="OCI Distribution Conformance Tests Pull Pull manifests HEAD request to nonexistent manifest should return 404" classname="OCI Distribution Conformance Tests" time="0.049963328"></testcase>
      <testcase name="OCI Distribution Conformance Tests Pull Pull manifests HEAD request to manifest path (digest) should yield 200 response" classname="OCI Distribution Conformance Tests" time="0.008255714"></testcase>
      <testcase name="OCI Distribution Conformance Tests Pull Pull manifests HEAD request to manifest path (tag) should yield 200 response" classname="OCI Distribution Conformance Tests" time="0.008501006"></testcase>
      <testcase name="OCI Distribution Conformance Tests Pull Pull manifests GET nonexistent manifest should return 404" classname="OCI Distribution Conformance Tests" time="0.006882054"></testcase>
      <testcase name="OCI Distribution Conformance Tests Pull Pull manifests GET request to manifest path (digest) should yield 200 response" classname="OCI Distribution Conformance Tests" time="0.006715347"></testcase>
      <testcase name="OCI Distribution Conformance Tests Pull Pull manifests GET request to manifest path (tag) should yield 200 response" classname="OCI Distribution Conformance Tests" time="0.049756996"></testcase>
      <testcase name="OCI Distribution Conformance Tests Pull Error codes 400 response body should contain OCI-conforming JSON message" classname="OCI Distribution Conformance Tests" time="0.009904708"></testcase>
      <testcase name="OCI Distribution Conformance Tests Pull Teardown Delete config blob created in setup" classname="OCI Distribution Conformance Tests" time="0.009134295"></testcase>
      <testcase name="OCI Distribution Conformance Tests Pull Teardown Delete layer blob created in setup" classname="OCI Distribution Conformance Tests" time="0.048988582"></testcase>
      <testcase name="OCI Distribution Conformance Tests Pull Teardown Delete manifest created in setup" classname="OCI Distribution Conformance Tests" time="0.026800594"></testcase>
      <testcase name="OCI Distribution Conformance Tests Push Blob Upload Streamed PATCH request with blob in body should yield 202 response" classname="OCI Distribution Conformance Tests" time="0.065109472"></testcase>
      <testcase name="OCI Distribution Conformance Tests Push Blob Upload Streamed PUT request to session URL with digest should yield 201 response" classname="OCI Distribution Conformance Tests" time="0.023301859"></testcase>
      <testcase name="OCI Distribution Conformance Tests Push Blob Upload Monolithic GET nonexistent blob should result in 404 response" classname="OCI Distribution Conformance Tests" time="0.007569218"></testcase>
      <testcase name="OCI Distribution Conformance Tests Push Blob Upload Monolithic POST request with digest and blob should yield a 201 or 202" classname="OCI Distribution Conformance Tests" time="0.064200226"></testcase>
      <testcase name="OCI Distribution Conformance Tests Push Blob Upload Monolithic GET request to blob URL from prior request should yield 200 or 404 based on response code" classname="OCI Distribution Conformance Tests" time="0.007151511"></testcase>
      <testcase name="OCI Distribution Conformance Tests Push Blob Upload Monolithic POST request should yield a session ID" classname="OCI Distribution Conformance Tests" time="0.017563174"></testcase>
      <testcase name="OCI Distribution Conformance Tests Push Blob Upload Monolithic PUT upload of a blob should yield a 201 Response" classname="OCI Distribution Conformance Tests" time="0.067424753"></testcase>
      <testcase name="OCI Distribution Conformance Tests Push Blob Upload Monolithic GET request to existing blob should yield 200 response" classname="OCI Distribution Conformance Tests" time="0.006354015"></testcase>
      <testcase name="OCI Distribution Conformance Tests Push Blob Upload Monolithic PUT upload of a layer blob should yield a 201 Response" classname="OCI Distribution Conformance Tests" time="0.069706535"></testcase>
      <testcase name="OCI Distribution Conformance Tests Push Blob Upload Monolithic GET request to existing layer should yield 200 response" classname="OCI Distribution Conformance Tests" time="0.008277548"></testcase>
      <testcase name="OCI Distribution Conformance Tests Push Blob Upload Chunked Out-of-order blob upload should return 416" classname="OCI Distribution Conformance Tests" time="0.072058067"></testcase>
      <testcase name="OCI Distribution Conformance Tests Push Blob Upload Chunked PATCH request with first chunk should return 202" classname="OCI Distribution Conformance Tests" time="0.045034141"></testcase>
      <testcase name="OCI Distribution Conformance Tests Push Blob Upload Chunked PUT request with final chunk should return 201" classname="OCI Distribution Conformance Tests" time="0.070328241"></testcase>
      <testcase name="OCI Distribution Conformance Tests Push Cross-Repository Blob Mount POST request to mount another repository&#39;s blob should return 201 or 202" classname="OCI Distribution Conformance Tests" time="0.022297113"></testcase>
      <testcase name="OCI Distribution Conformance Tests Push Cross-Repository Blob Mount GET request to test digest within cross-mount namespace should return 200" classname="OCI Distribution Conformance Tests" time="0.007248011"></testcase>
      <testcase name="OCI Distribution Conformance Tests Push Cross-Repository Blob Mount Cross-mounting of nonexistent blob should yield session id" classname="OCI Distribution Conformance Tests" time="0.000522331">
          <skipped>/home/vanessa/Desktop/Code/django-oci/dist-spec/conformance/02_push_test.go:234&#xA;you have skipped this test.&#xA;/home/vanessa/Desktop/Code/django-oci/dist-spec/conformance/setup.go:338</skipped>
      </testcase>
      <testcase name="OCI Distribution Conformance Tests Push Manifest Upload GET nonexistent manifest should return 404" classname="OCI Distribution Conformance Tests" time="0.050368035"></testcase>
      <testcase name="OCI Distribution Conformance Tests Push Manifest Upload PUT should accept a manifest upload" classname="OCI Distribution Conformance Tests" time="0.151752393"></testcase>
      <testcase name="OCI Distribution Conformance Tests Push Manifest Upload Registry should accept a manifest upload with no layers" classname="OCI Distribution Conformance Tests" time="0.019333085"></testcase>
      <testcase name="OCI Distribution Conformance Tests Push Manifest Upload GET request to manifest URL (digest) should yield 200 response" classname="OCI Distribution Conformance Tests" time="0.047768004"></testcase>
      <testcase name="OCI Distribution Conformance Tests Push Teardown Delete config blob created in tests" classname="OCI Distribution Conformance Tests" time="0.008606213"></testcase>
      <testcase name="OCI Distribution Conformance Tests Push Teardown Delete layer blob created in setup" classname="OCI Distribution Conformance Tests" time="0.009083586"></testcase>
      <testcase name="OCI Distribution Conformance Tests Push Teardown Delete manifest created in tests" classname="OCI Distribution Conformance Tests" time="0.05453935"></testcase>
      <testcase name="OCI Distribution Conformance Tests Content Discovery Setup Populate registry with test blob" classname="OCI Distribution Conformance Tests" time="0.030065579"></testcase>
      <testcase name="OCI Distribution Conformance Tests Content Discovery Setup Populate registry with test layer" classname="OCI Distribution Conformance Tests" time="0.066804839"></testcase>
      <testcase name="OCI Distribution Conformance Tests Content Discovery Setup Populate registry with test tags" classname="OCI Distribution Conformance Tests" time="0.218500317"></testcase>
      <testcase name="OCI Distribution Conformance Tests Content Discovery Setup Populate registry with test tags (no push)" classname="OCI Distribution Conformance Tests" time="0.000258374">
          <skipped>/home/vanessa/Desktop/Code/django-oci/dist-spec/conformance/03_discovery_test.go:80&#xA;you have skipped this test.&#xA;/home/vanessa/Desktop/Code/django-oci/dist-spec/conformance/setup.go:344</skipped>
      </testcase>
      <testcase name="OCI Distribution Conformance Tests Content Discovery Test content discovery endpoints GET request to list tags should yield 200 response" classname="OCI Distribution Conformance Tests" time="0.004458022"></testcase>
      <testcase name="OCI Distribution Conformance Tests Content Discovery Test content discovery endpoints GET number of tags should be limitable by `n` query parameter" classname="OCI Distribution Conformance Tests" time="0.004163857"></testcase>
      <testcase name="OCI Distribution Conformance Tests Content Discovery Test content discovery endpoints GET start of tag is set by `last` query parameter" classname="OCI Distribution Conformance Tests" time="0.057400797"></testcase>
      <testcase name="OCI Distribution Conformance Tests Content Discovery Teardown Delete config blob created in tests" classname="OCI Distribution Conformance Tests" time="0.010285456"></testcase>
      <testcase name="OCI Distribution Conformance Tests Content Discovery Teardown Delete layer blob created in setup" classname="OCI Distribution Conformance Tests" time="0.056094469"></testcase>
      <testcase name="OCI Distribution Conformance Tests Content Discovery Teardown Delete created manifest &amp; associated tags" classname="OCI Distribution Conformance Tests" time="0.030846826"></testcase>
      <testcase name="OCI Distribution Conformance Tests Content Management Setup Populate registry with test config blob" classname="OCI Distribution Conformance Tests" time="0.072244983"></testcase>
      <testcase name="OCI Distribution Conformance Tests Content Management Setup Populate registry with test layer" classname="OCI Distribution Conformance Tests" time="0.026736678"></testcase>
      <testcase name="OCI Distribution Conformance Tests Content Management Setup Populate registry with test tag" classname="OCI Distribution Conformance Tests" time="0.073136354"></testcase>
      <testcase name="OCI Distribution Conformance Tests Content Management Setup Check how many tags there are before anything gets deleted" classname="OCI Distribution Conformance Tests" time="0.005302644"></testcase>
      <testcase name="OCI Distribution Conformance Tests Content Management Manifest delete DELETE request to manifest tag should return 202, unless tag deletion is disallowed (400/405)" classname="OCI Distribution Conformance Tests" time="0.008844213"></testcase>
      <testcase name="OCI Distribution Conformance Tests Content Management Manifest delete DELETE request to manifest (digest) should yield 202 response unless already deleted" classname="OCI Distribution Conformance Tests" time="0.053790895"></testcase>
      <testcase name="OCI Distribution Conformance Tests Content Management Manifest delete GET request to deleted manifest URL should yield 404 response, unless delete is disallowed" classname="OCI Distribution Conformance Tests" time="0.006552472"></testcase>
      <testcase name="OCI Distribution Conformance Tests Content Management Manifest delete GET request to tags list should reflect manifest deletion" classname="OCI Distribution Conformance Tests" time="0.00674868"></testcase>
      <testcase name="OCI Distribution Conformance Tests Content Management Blob delete DELETE request to blob URL should yield 202 response" classname="OCI Distribution Conformance Tests" time="0.060232701"></testcase>
      <testcase name="OCI Distribution Conformance Tests Content Management Blob delete GET request to deleted blob URL should yield 404 response" classname="OCI Distribution Conformance Tests" time="0.007180719"></testcase>
  </testsuite>
